<?xml version="1.0" encoding="UTF-8" ?>
<testsuite failures="0" time="14.941" errors="0" skipped="0" tests="1" name="TestSession">
  <properties>
    <property name="java.runtime.name" value="Java(TM) SE Runtime Environment"/>
    <property name="sun.boot.library.path" value="/opt/jdk1.6.0_27/jre/lib/amd64"/>
    <property name="java.vm.version" value="20.2-b06"/>
    <property name="java.vm.vendor" value="Sun Microsystems Inc."/>
    <property name="java.vendor.url" value="http://java.sun.com/"/>
    <property name="path.separator" value=":"/>
    <property name="java.vm.name" value="Java HotSpot(TM) 64-Bit Server VM"/>
    <property name="file.encoding.pkg" value="sun.io"/>
    <property name="user.country" value="FR"/>
    <property name="sun.java.launcher" value="SUN_STANDARD"/>
    <property name="sun.os.patch.level" value="unknown"/>
    <property name="java.vm.specification.name" value="Java Virtual Machine Specification"/>
    <property name="user.dir" value="/home/jed/daum-library/android/org.daum.library.ormHM"/>
    <property name="java.runtime.version" value="1.6.0_27-b07"/>
    <property name="java.awt.graphicsenv" value="sun.awt.X11GraphicsEnvironment"/>
    <property name="basedir" value="/home/jed/daum-library/android/org.daum.library.ormHM"/>
    <property name="java.endorsed.dirs" value="/opt/jdk1.6.0_27/jre/lib/endorsed"/>
    <property name="os.arch" value="amd64"/>
    <property name="surefire.real.class.path" value="/home/jed/daum-library/android/org.daum.library.ormHM/target/surefire/surefirebooter5735765998551267539.jar"/>
    <property name="java.io.tmpdir" value="/tmp"/>
    <property name="line.separator" value="
"/>
    <property name="java.vm.specification.vendor" value="Sun Microsystems Inc."/>
    <property name="os.name" value="Linux"/>
    <property name="sun.jnu.encoding" value="UTF-8"/>
    <property name="java.library.path" value="/opt/jdk1.6.0_27/jre/lib/amd64/server:/opt/jdk1.6.0_27/jre/lib/amd64:/opt/jdk1.6.0_27/jre/../lib/amd64:.::/usr/java/packages/lib/amd64:/usr/lib64:/lib64:/lib:/usr/lib"/>
    <property name="surefire.test.class.path" value="/home/jed/daum-library/android/org.daum.library.ormHM/target/test-classes:/home/jed/daum-library/android/org.daum.library.ormHM/target/classes:/home/jed/.m2/repository/net/sf/ehcache/ehcache-core/2.5.1/ehcache-core-2.5.1.jar:/home/jed/.m2/repository/net/sf/ehcache/ehcache-terracotta/2.5.1/ehcache-terracotta-2.5.1.jar:/home/jed/.m2/repository/org/terracotta/terracotta-toolkit-1.4-runtime/4.1.0/terracotta-toolkit-1.4-runtime-4.1.0.jar:/home/jed/.m2/repository/junit/junit/4.8.2/junit-4.8.2.jar:/home/jed/.m2/repository/org/kevoree/tools/org.kevoree.tools.annotation.api/1.7.1/org.kevoree.tools.annotation.api-1.7.1.jar:/home/jed/.m2/repository/org/scala-lang/scala-library/2.9.2/scala-library-2.9.2.jar:/home/jed/.m2/repository/org/slf4j/slf4j-api/1.6.4/slf4j-api-1.6.4.jar:/home/jed/.m2/repository/com/google/android/android/4.0.1.2/android-4.0.1.2.jar:/home/jed/.m2/repository/commons-logging/commons-logging/1.1.1/commons-logging-1.1.1.jar:/home/jed/.m2/repository/org/apache/httpcomponents/httpclient/4.0.1/httpclient-4.0.1.jar:/home/jed/.m2/repository/org/apache/httpcomponents/httpcore/4.0.1/httpcore-4.0.1.jar:/home/jed/.m2/repository/commons-codec/commons-codec/1.3/commons-codec-1.3.jar:/home/jed/.m2/repository/org/khronos/opengl-api/gl1.1-android-2.1_r1/opengl-api-gl1.1-android-2.1_r1.jar:/home/jed/.m2/repository/xerces/xmlParserAPIs/2.6.2/xmlParserAPIs-2.6.2.jar:/home/jed/.m2/repository/xpp3/xpp3/1.1.4c/xpp3-1.1.4c.jar:/home/jed/.m2/repository/org/json/json/20080701/json-20080701.jar:/home/jed/.m2/repository/org/kevoree/tools/org.kevoree.tools.android.framework/1.7.1/org.kevoree.tools.android.framework-1.7.1.jar:/home/jed/.m2/repository/org/kevoree/tools/org.kevoree.tools.javase.framework/1.7.1/org.kevoree.tools.javase.framework-1.7.1.jar:/home/jed/.m2/repository/org/kevoree/org.kevoree.framework/1.7.1/org.kevoree.framework-1.7.1.jar:/home/jed/.m2/repository/org/kevoree/org.kevoree.api/1.7.1/org.kevoree.api-1.7.1.jar:/home/jed/.m2/repository/org/kevoree/org.kevoree.model/1.7.1/org.kevoree.model-1.7.1.jar:/home/jed/.m2/repository/org/kevoree/org.kevoree.adaptation.model/1.7.1/org.kevoree.adaptation.model-1.7.1.jar:/home/jed/.m2/repository/org/kevoree/org.kevoree.kcl/1.7.1/org.kevoree.kcl-1.7.1.jar:/home/jed/.m2/repository/cglib/cglib-nodep/2.2.2/cglib-nodep-2.2.2.jar:/home/jed/.m2/repository/org/objenesis/objenesis/1.2/objenesis-1.2.jar:"/>
    <property name="java.specification.name" value="Java Platform API Specification"/>
    <property name="java.class.version" value="50.0"/>
    <property name="sun.management.compiler" value="HotSpot 64-Bit Tiered Compilers"/>
    <property name="os.version" value="3.0.0-15-generic"/>
    <property name="user.home" value="/home/jed"/>
    <property name="user.timezone" value=""/>
    <property name="java.awt.printerjob" value="sun.print.PSPrinterJob"/>
    <property name="file.encoding" value="UTF-8"/>
    <property name="java.specification.version" value="1.6"/>
    <property name="user.name" value="jed"/>
    <property name="java.class.path" value="/home/jed/daum-library/android/org.daum.library.ormHM/target/test-classes:/home/jed/daum-library/android/org.daum.library.ormHM/target/classes:/home/jed/.m2/repository/net/sf/ehcache/ehcache-core/2.5.1/ehcache-core-2.5.1.jar:/home/jed/.m2/repository/net/sf/ehcache/ehcache-terracotta/2.5.1/ehcache-terracotta-2.5.1.jar:/home/jed/.m2/repository/org/terracotta/terracotta-toolkit-1.4-runtime/4.1.0/terracotta-toolkit-1.4-runtime-4.1.0.jar:/home/jed/.m2/repository/junit/junit/4.8.2/junit-4.8.2.jar:/home/jed/.m2/repository/org/kevoree/tools/org.kevoree.tools.annotation.api/1.7.1/org.kevoree.tools.annotation.api-1.7.1.jar:/home/jed/.m2/repository/org/scala-lang/scala-library/2.9.2/scala-library-2.9.2.jar:/home/jed/.m2/repository/org/slf4j/slf4j-api/1.6.4/slf4j-api-1.6.4.jar:/home/jed/.m2/repository/com/google/android/android/4.0.1.2/android-4.0.1.2.jar:/home/jed/.m2/repository/commons-logging/commons-logging/1.1.1/commons-logging-1.1.1.jar:/home/jed/.m2/repository/org/apache/httpcomponents/httpclient/4.0.1/httpclient-4.0.1.jar:/home/jed/.m2/repository/org/apache/httpcomponents/httpcore/4.0.1/httpcore-4.0.1.jar:/home/jed/.m2/repository/commons-codec/commons-codec/1.3/commons-codec-1.3.jar:/home/jed/.m2/repository/org/khronos/opengl-api/gl1.1-android-2.1_r1/opengl-api-gl1.1-android-2.1_r1.jar:/home/jed/.m2/repository/xerces/xmlParserAPIs/2.6.2/xmlParserAPIs-2.6.2.jar:/home/jed/.m2/repository/xpp3/xpp3/1.1.4c/xpp3-1.1.4c.jar:/home/jed/.m2/repository/org/json/json/20080701/json-20080701.jar:/home/jed/.m2/repository/org/kevoree/tools/org.kevoree.tools.android.framework/1.7.1/org.kevoree.tools.android.framework-1.7.1.jar:/home/jed/.m2/repository/org/kevoree/tools/org.kevoree.tools.javase.framework/1.7.1/org.kevoree.tools.javase.framework-1.7.1.jar:/home/jed/.m2/repository/org/kevoree/org.kevoree.framework/1.7.1/org.kevoree.framework-1.7.1.jar:/home/jed/.m2/repository/org/kevoree/org.kevoree.api/1.7.1/org.kevoree.api-1.7.1.jar:/home/jed/.m2/repository/org/kevoree/org.kevoree.model/1.7.1/org.kevoree.model-1.7.1.jar:/home/jed/.m2/repository/org/kevoree/org.kevoree.adaptation.model/1.7.1/org.kevoree.adaptation.model-1.7.1.jar:/home/jed/.m2/repository/org/kevoree/org.kevoree.kcl/1.7.1/org.kevoree.kcl-1.7.1.jar:/home/jed/.m2/repository/cglib/cglib-nodep/2.2.2/cglib-nodep-2.2.2.jar:/home/jed/.m2/repository/org/objenesis/objenesis/1.2/objenesis-1.2.jar:"/>
    <property name="java.vm.specification.version" value="1.0"/>
    <property name="sun.arch.data.model" value="64"/>
    <property name="java.home" value="/opt/jdk1.6.0_27/jre"/>
    <property name="sun.java.command" value="/home/jed/daum-library/android/org.daum.library.ormHM/target/surefire/surefirebooter5735765998551267539.jar /home/jed/daum-library/android/org.daum.library.ormHM/target/surefire/surefire7616151373300527167tmp /home/jed/daum-library/android/org.daum.library.ormHM/target/surefire/surefire1864898251110064421tmp"/>
    <property name="java.specification.vendor" value="Sun Microsystems Inc."/>
    <property name="user.language" value="fr"/>
    <property name="java.vm.info" value="mixed mode"/>
    <property name="java.version" value="1.6.0_27"/>
    <property name="java.ext.dirs" value="/opt/jdk1.6.0_27/jre/lib/ext:/usr/java/packages/lib/ext"/>
    <property name="sun.boot.class.path" value="/opt/jdk1.6.0_27/jre/lib/resources.jar:/opt/jdk1.6.0_27/jre/lib/rt.jar:/opt/jdk1.6.0_27/jre/lib/sunrsasign.jar:/opt/jdk1.6.0_27/jre/lib/jsse.jar:/opt/jdk1.6.0_27/jre/lib/jce.jar:/opt/jdk1.6.0_27/jre/lib/charsets.jar:/opt/jdk1.6.0_27/jre/lib/modules/jdk.boot.jar:/opt/jdk1.6.0_27/jre/classes"/>
    <property name="java.vendor" value="Sun Microsystems Inc."/>
    <property name="localRepository" value="/home/jed/.m2/repository"/>
    <property name="file.separator" value="/"/>
    <property name="java.vendor.url.bug" value="http://java.sun.com/cgi-bin/bugreport.cgi"/>
    <property name="sun.cpu.endian" value="little"/>
    <property name="sun.io.unicode.encoding" value="UnicodeLittle"/>
    <property name="sun.desktop" value="gnome"/>
    <property name="sun.cpu.isalist" value=""/>
  </properties>
  <testcase time="14.91" classname="TestSession" name="testSave"/>
</testsuite>